INFO 2023-01-16 08:36:05 -	core.py - keystroke:0 WPM, mouseMoves:93, copied file size: 0, status:active
INFO 2023-01-16 08:36:05 -	core.py - clipboard Activity: copy, file size: 243, file type: text
INFO 2023-01-16 08:36:05 -	core.py - keystroke:0 WPM, mouseMoves:93, copied file size: 0, status:active
INFO 2023-01-16 08:36:15 -	core.py - keystroke:2 WPM, mouseMoves:95, copied file size: 243, status:active
INFO 2023-01-16 08:36:15 -	core.py - keystroke:2 WPM, mouseMoves:95, copied file size: 243, status:active
INFO 2023-01-16 08:36:25 -	core.py - keystroke:0 WPM, mouseMoves:2, copied file size: 243, status:active
INFO 2023-01-16 08:36:25 -	core.py - keystroke:0 WPM, mouseMoves:2, copied file size: 243, status:active
INFO 2023-01-16 08:38:59 -	core.py - clipboard Activity: copy, file size: 82 KB, file type: text
INFO 2023-01-16 08:38:59 -	core.py - keystroke:2 WPM, mouseMoves:98, copied file size: 82, status:active
INFO 2023-01-16 08:38:59 -	core.py - keystroke:2 WPM, mouseMoves:98, copied file size: 82, status:active
INFO 2023-01-16 08:39:09 -	core.py - keystroke:0 WPM, mouseMoves:0, copied file size: 82, status:active
INFO 2023-01-16 08:39:09 -	core.py - keystroke:0 WPM, mouseMoves:0, copied file size: 82, status:active
INFO 2023-01-16 08:39:19 -	core.py - keystroke:0 WPM, mouseMoves:0, copied file size: 82, status:active
INFO 2023-01-16 08:39:19 -	core.py - keystroke:0 WPM, mouseMoves:0, copied file size: 82, status:active
INFO 2023-01-16 08:39:29 -	core.py - keystroke:0 WPM, mouseMoves:98, copied file size: 82, status:active
INFO 2023-01-16 08:39:29 -	core.py - keystroke:0 WPM, mouseMoves:98, copied file size: 82, status:active
INFO 2023-01-16 08:39:29 -	core.py - clipboard Activity: copy, file size: 87 KB, file type: text
INFO 2023-01-17 15:34:51 -	core.py - keystroke:0 WPM, mouseMoves:0, copied file size: 0, status:idle
INFO 2023-01-17 15:34:51 -	core.py - keystroke:0 WPM, mouseMoves:0, copied file size: 0, status:idle
INFO 2023-01-17 15:35:01 -	core.py - keystroke:0 WPM, mouseMoves:0, copied file size: 0, status:idle
INFO 2023-01-17 15:35:01 -	core.py - keystroke:0 WPM, mouseMoves:0, copied file size: 0, status:idle
INFO 2023-01-17 15:35:10 -	core.py - clipboard Activity: copy, file size: 64 KB, file type: text
INFO 2023-01-17 15:35:11 -	core.py - keystroke:0 WPM, mouseMoves:0, copied file size: 64, status:idle
INFO 2023-01-17 15:35:11 -	core.py - keystroke:0 WPM, mouseMoves:0, copied file size: 64, status:idle
INFO 2023-01-17 15:37:21 -	core.py - keystroke:0 WPM, mouseMoves:0, copied file size: 0, status:idle
INFO 2023-01-17 15:37:21 -	core.py - keystroke:0 WPM, mouseMoves:0, copied file size: 0, status:idle
INFO 2023-01-17 15:37:31 -	core.py - keystroke:0 WPM, mouseMoves:0, copied file size: 0, status:idle
INFO 2023-01-17 15:37:31 -	core.py - keystroke:0 WPM, mouseMoves:0, copied file size: 0, status:idle
INFO 2023-01-17 15:37:41 -	core.py - keystroke:0 WPM, mouseMoves:0, copied file size: 0, status:idle
INFO 2023-01-17 15:37:41 -	core.py - clipboard Activity: copy, file size: 64 KB, file type: text
INFO 2023-01-17 15:37:41 -	core.py - keystroke:0 WPM, mouseMoves:0, copied file size: 0, status:idle
INFO 2023-01-17 15:40:20 -	core.py - keystroke:0 WPM, mouseMoves:0, copied file size: 0, status:idle
INFO 2023-01-17 15:40:20 -	core.py - keystroke:0 WPM, mouseMoves:0, copied file size: 0, status:idle
INFO 2023-01-17 15:40:30 -	core.py - keystroke:0 WPM, mouseMoves:0, copied file size: 0, status:idle
INFO 2023-01-17 15:40:30 -	core.py - keystroke:0 WPM, mouseMoves:0, copied file size: 0, status:idle
INFO 2023-01-17 15:40:40 -	core.py - keystroke:0 WPM, mouseMoves:0, copied file size: 0, status:idle
INFO 2023-01-17 15:40:41 -	core.py - clipboard Activity: copy, file size: 64 KB, file type: text
INFO 2023-01-17 15:40:40 -	core.py - keystroke:0 WPM, mouseMoves:0, copied file size: 0, status:idle
Jackdaws love my big sphinx of quartz.
Quick zephyrs blow, vexing daft Jim.
How quickly daft jumping zebras vex.
How quickly daft jumping zebras vex.
Jail zesty vixen who grabbed pay from quack.
The five boxing wizards jump quickly.
The five boxing wizards jump quickly.
