Jackdaws love my big sphinx of quartz.
Quick zephyrs blow, vexing daft Jim.
How quickly daft jumping zebras vex.
How quickly daft jumping zebras vex.
Jail zesty vixen who grabbed pay from quack.
The five boxing wizards jump quickly.
The five boxing wizards jump quickly.
Jackdaws love my big sphinx of quartz.
Quick zephyrs blow, vexing daft Jim.
How quickly daft jumping zebras vex.
How quickly daft jumping zebras vex.
Jail zesty vixen who grabbed pay from quack.
The five boxing wizards jump quickly.
The five boxing wizards jump quickly.
Jackdaws love my big sphinx of quartz.
Quick zephyrs blow, vexing daft Jim.
How quickly daft jumping zebras vex.
How quickly daft jumping zebras vex.
Jail zesty vixen who grabbed pay from quack.
The five boxing wizards jump quickly.
The five boxing wizards jump quickly.
INFO 2023-01-17 19:12:06 -	logClient.py - Jackdaws love my big sphinx of quartz.
DEBUG 2023-01-17 19:12:07 -	logClient.py - Quick zephyrs blow, vexing daft Jim.
INFO 2023-01-17 19:12:07 -	logClient.py - How quickly daft jumping zebras vex.
INFO 2023-01-17 19:12:07 -	logClient.py - How quickly daft jumping zebras vex.
WARNING 2023-01-17 19:12:07 -	logClient.py - Jail zesty vixen who grabbed pay from quack.
ERROR 2023-01-17 19:12:07 -	logClient.py - The five boxing wizards jump quickly.
ERROR 2023-01-17 19:12:07 -	logClient.py - The five boxing wizards jump quickly.
INFO 2023-01-17 19:14:51 -	root - Jackdaws love my big sphinx of quartz.
DEBUG 2023-01-17 19:14:52 -	KeyMouse - Quick zephyrs blow, vexing daft Jim.
INFO 2023-01-17 19:14:52 -	KeyMouse - How quickly daft jumping zebras vex.
INFO 2023-01-17 19:14:52 -	KeyMouse - How quickly daft jumping zebras vex.
WARNING 2023-01-17 19:14:52 -	Clipboard - Jail zesty vixen who grabbed pay from quack.
ERROR 2023-01-17 19:14:52 -	Clipboard - The five boxing wizards jump quickly.
ERROR 2023-01-17 19:14:52 -	Clipboard - The five boxing wizards jump quickly.
INFO 2023-01-17 19:17:54 -	root - Jackdaws love my big sphinx of quartz.
DEBUG 2023-01-17 19:17:55 -	KeyMouse - Quick zephyrs blow, vexing daft Jim.
INFO 2023-01-17 19:17:55 -	KeyMouse - How quickly daft jumping zebras vex.
INFO 2023-01-17 19:17:55 -	KeyMouse - How quickly daft jumping zebras vex.
WARNING 2023-01-17 19:17:55 -	Clipboard - Jail zesty vixen who grabbed pay from quack.
ERROR 2023-01-17 19:17:55 -	Clipboard - The five boxing wizards jump quickly.
ERROR 2023-01-17 19:17:55 -	Clipboard - The five boxing wizards jump quickly.
INFO 2023-01-17 19:19:02 -	root - Jackdaws love my big sphinx of quartz.
DEBUG 2023-01-17 19:19:03 -	KeyMouse - keystroke:102, mouseMoves:390, copied file size: 20, status:active
INFO 2023-01-17 19:19:03 -	KeyMouse - keystroke:102, mouseMoves:390, copied file size: 20, status:active
INFO 2023-01-17 19:19:03 -	KeyMouse - keystroke:102, mouseMoves:390, copied file size: 20, status:active
WARNING 2023-01-17 19:19:03 -	Clipboard - keystroke:102, mouseMoves:390, copied file size: 20, status:active
ERROR 2023-01-17 19:19:03 -	Clipboard - keystroke:102, mouseMoves:390, copied file size: 20, status:active
ERROR 2023-01-17 19:19:03 -	Clipboard - keystroke:102, mouseMoves:390, copied file size: 20, status:active
